[2018-12-17 15:47:41] INFO [main: CodeCraft-2019.py, 21] car_path is config/car.txt
[2018-12-17 15:47:41] INFO [main: CodeCraft-2019.py, 22] road_path is config/road.txt
[2018-12-17 15:47:41] INFO [main: CodeCraft-2019.py, 23] cross_path is config/cross.txt
[2018-12-17 15:47:41] INFO [main: CodeCraft-2019.py, 24] answer_path is config/answer.txt[2019-03-16 11:38:25] INFO [main: CodeCraft-2019.py, 13] please input args: car_path, road_path, cross_path, answerPath
[2019-03-16 11:41:55] INFO [main: CodeCraft-2019.py, 13] please input args: car_path, road_path, cross_path, answerPath
[2019-03-16 11:42:31] INFO [main: CodeCraft-2019.py, 21] car_path is config/car.txt
[2019-03-16 11:42:31] INFO [main: CodeCraft-2019.py, 22] road_path is config/road.txt
[2019-03-16 11:42:31] INFO [main: CodeCraft-2019.py, 23] cross_path is config/cross.txt
[2019-03-16 11:42:31] INFO [main: CodeCraft-2019.py, 24] answer_path is config/answer.txt
[2019-03-16 11:51:07] INFO [main: CodeCraft-2019.py, 21] car_path is CodeCraft-2019/config/car.txt
[2019-03-16 11:51:07] INFO [main: CodeCraft-2019.py, 22] road_path is CodeCraft-2019/config/road.txt
[2019-03-16 11:51:07] INFO [main: CodeCraft-2019.py, 23] cross_path is CodeCraft-2019/config/cross.txt
[2019-03-16 11:51:07] INFO [main: CodeCraft-2019.py, 24] answer_path is CodeCraft-2019/config/answer.txt
[2019-03-16 13:45:15] INFO [main: CodeCraft-2019.py, 23] car_path is CodeCraft-2019/config/car.txt
[2019-03-16 13:45:15] INFO [main: CodeCraft-2019.py, 24] road_path is CodeCraft-2019/config/road.txt
[2019-03-16 13:45:15] INFO [main: CodeCraft-2019.py, 25] cross_path is CodeCraft-2019/config/cross.txt
[2019-03-16 13:45:15] INFO [main: CodeCraft-2019.py, 26] answer_path is CodeCraft-2019/config/answer.txt
[2019-03-16 13:45:41] INFO [main: CodeCraft-2019.py, 23] car_path is CodeCraft-2019/config/car.txt
[2019-03-16 13:45:41] INFO [main: CodeCraft-2019.py, 24] road_path is CodeCraft-2019/config/road.txt
[2019-03-16 13:45:41] INFO [main: CodeCraft-2019.py, 25] cross_path is CodeCraft-2019/config/cross.txt
[2019-03-16 13:45:41] INFO [main: CodeCraft-2019.py, 26] answer_path is CodeCraft-2019/config/answer.txt
[2019-03-16 13:48:23] INFO [main: CodeCraft-2019.py, 27] car_path is CodeCraft-2019/config/car.txt
[2019-03-16 13:48:23] INFO [main: CodeCraft-2019.py, 28] road_path is CodeCraft-2019/config/road.txt
[2019-03-16 13:48:23] INFO [main: CodeCraft-2019.py, 29] cross_path is CodeCraft-2019/config/cross.txt
[2019-03-16 13:48:23] INFO [main: CodeCraft-2019.py, 30] answer_path is CodeCraft-2019/config/answer.txt
[2019-03-16 13:52:54] INFO [main: CodeCraft-2019.py, 29] car_path is CodeCraft-2019/config/car.txt
[2019-03-16 13:52:54] INFO [main: CodeCraft-2019.py, 30] road_path is CodeCraft-2019/config/road.txt
[2019-03-16 13:52:54] INFO [main: CodeCraft-2019.py, 31] cross_path is CodeCraft-2019/config/cross.txt
[2019-03-16 13:52:54] INFO [main: CodeCraft-2019.py, 32] answer_path is CodeCraft-2019/config/answer.txt
[2019-03-16 13:53:11] INFO [main: CodeCraft-2019.py, 29] car_path is CodeCraft-2019/config/car.txt
[2019-03-16 13:53:11] INFO [main: CodeCraft-2019.py, 30] road_path is CodeCraft-2019/config/road.txt
[2019-03-16 13:53:11] INFO [main: CodeCraft-2019.py, 31] cross_path is CodeCraft-2019/config/cross.txt
[2019-03-16 13:53:11] INFO [main: CodeCraft-2019.py, 32] answer_path is CodeCraft-2019/config/answer.txt
[2019-03-16 13:56:58] INFO [main: CodeCraft-2019.py, 29] car_path is CodeCraft-2019/config/car.txt
[2019-03-16 13:56:58] INFO [main: CodeCraft-2019.py, 30] road_path is CodeCraft-2019/config/road.txt
[2019-03-16 13:56:58] INFO [main: CodeCraft-2019.py, 31] cross_path is CodeCraft-2019/config/cross.txt
[2019-03-16 13:56:58] INFO [main: CodeCraft-2019.py, 32] answer_path is CodeCraft-2019/config/answer.txt
[2019-03-16 13:57:30] INFO [main: CodeCraft-2019.py, 29] car_path is CodeCraft-2019/config/car.txt
[2019-03-16 13:57:30] INFO [main: CodeCraft-2019.py, 30] road_path is CodeCraft-2019/config/road.txt
[2019-03-16 13:57:30] INFO [main: CodeCraft-2019.py, 31] cross_path is CodeCraft-2019/config/cross.txt
[2019-03-16 13:57:30] INFO [main: CodeCraft-2019.py, 32] answer_path is CodeCraft-2019/config/answer.txt
[2019-03-16 13:57:44] INFO [main: CodeCraft-2019.py, 29] car_path is CodeCraft-2019/config/car.txt
[2019-03-16 13:57:44] INFO [main: CodeCraft-2019.py, 30] road_path is CodeCraft-2019/config/road.txt
[2019-03-16 13:57:44] INFO [main: CodeCraft-2019.py, 31] cross_path is CodeCraft-2019/config/cross.txt
[2019-03-16 13:57:44] INFO [main: CodeCraft-2019.py, 32] answer_path is CodeCraft-2019/config/answer.txt
[2019-03-16 13:57:53] INFO [main: CodeCraft-2019.py, 29] car_path is CodeCraft-2019/config/car.txt
[2019-03-16 13:57:53] INFO [main: CodeCraft-2019.py, 30] road_path is CodeCraft-2019/config/road.txt
[2019-03-16 13:57:53] INFO [main: CodeCraft-2019.py, 31] cross_path is CodeCraft-2019/config/cross.txt
[2019-03-16 13:57:53] INFO [main: CodeCraft-2019.py, 32] answer_path is CodeCraft-2019/config/answer.txt
[2019-03-16 13:58:09] INFO [main: CodeCraft-2019.py, 29] car_path is CodeCraft-2019/config/car.txt
[2019-03-16 13:58:09] INFO [main: CodeCraft-2019.py, 30] road_path is CodeCraft-2019/config/road.txt
[2019-03-16 13:58:09] INFO [main: CodeCraft-2019.py, 31] cross_path is CodeCraft-2019/config/cross.txt
[2019-03-16 13:58:09] INFO [main: CodeCraft-2019.py, 32] answer_path is CodeCraft-2019/config/answer.txt
[2019-03-16 13:59:02] INFO [main: CodeCraft-2019.py, 29] car_path is CodeCraft-2019/config/car.txt
[2019-03-16 13:59:02] INFO [main: CodeCraft-2019.py, 30] road_path is CodeCraft-2019/config/road.txt
[2019-03-16 13:59:02] INFO [main: CodeCraft-2019.py, 31] cross_path is CodeCraft-2019/config/cross.txt
[2019-03-16 13:59:02] INFO [main: CodeCraft-2019.py, 32] answer_path is CodeCraft-2019/config/answer.txt
[2019-03-16 13:59:17] INFO [main: CodeCraft-2019.py, 29] car_path is CodeCraft-2019/config/car.txt
[2019-03-16 13:59:17] INFO [main: CodeCraft-2019.py, 30] road_path is CodeCraft-2019/config/road.txt
[2019-03-16 13:59:17] INFO [main: CodeCraft-2019.py, 31] cross_path is CodeCraft-2019/config/cross.txt
[2019-03-16 13:59:17] INFO [main: CodeCraft-2019.py, 32] answer_path is CodeCraft-2019/config/answer.txt
[2019-03-16 13:59:33] INFO [main: CodeCraft-2019.py, 29] car_path is CodeCraft-2019/config/car.txt
[2019-03-16 13:59:33] INFO [main: CodeCraft-2019.py, 30] road_path is CodeCraft-2019/config/road.txt
[2019-03-16 13:59:33] INFO [main: CodeCraft-2019.py, 31] cross_path is CodeCraft-2019/config/cross.txt
[2019-03-16 13:59:33] INFO [main: CodeCraft-2019.py, 32] answer_path is CodeCraft-2019/config/answer.txt
[2019-03-16 14:22:44] INFO [main: CodeCraft-2019.py, 29] car_path is CodeCraft-2019/config/car.txt
[2019-03-16 14:22:44] INFO [main: CodeCraft-2019.py, 30] road_path is CodeCraft-2019/config/road.txt
[2019-03-16 14:22:44] INFO [main: CodeCraft-2019.py, 31] cross_path is CodeCraft-2019/config/cross.txt
[2019-03-16 14:22:44] INFO [main: CodeCraft-2019.py, 32] answer_path is CodeCraft-2019/config/answer.txt
[2019-03-16 14:23:05] INFO [main: CodeCraft-2019.py, 29] car_path is CodeCraft-2019/config/car.txt
[2019-03-16 14:23:05] INFO [main: CodeCraft-2019.py, 30] road_path is CodeCraft-2019/config/road.txt
[2019-03-16 14:23:05] INFO [main: CodeCraft-2019.py, 31] cross_path is CodeCraft-2019/config/cross.txt
[2019-03-16 14:23:05] INFO [main: CodeCraft-2019.py, 32] answer_path is CodeCraft-2019/config/answer.txt
[2019-03-16 14:23:40] INFO [main: CodeCraft-2019.py, 29] car_path is CodeCraft-2019/config/car.txt
[2019-03-16 14:23:40] INFO [main: CodeCraft-2019.py, 30] road_path is CodeCraft-2019/config/road.txt
[2019-03-16 14:23:40] INFO [main: CodeCraft-2019.py, 31] cross_path is CodeCraft-2019/config/cross.txt
[2019-03-16 14:23:40] INFO [main: CodeCraft-2019.py, 32] answer_path is CodeCraft-2019/config/answer.txt
[2019-03-16 15:08:29] INFO [main: CodeCraft-2019.py, 29] car_path is CodeCraft-2019/config/car.txt
[2019-03-16 15:08:29] INFO [main: CodeCraft-2019.py, 30] road_path is CodeCraft-2019/config/road.txt
[2019-03-16 15:08:29] INFO [main: CodeCraft-2019.py, 31] cross_path is CodeCraft-2019/config/cross.txt
[2019-03-16 15:08:29] INFO [main: CodeCraft-2019.py, 32] answer_path is CodeCraft-2019/config/answer.txt
[2019-03-16 17:24:30] INFO [main: CodeCraft-2019.py, 29] car_path is CodeCraft-2019/config/car.txt
[2019-03-16 17:24:30] INFO [main: CodeCraft-2019.py, 30] road_path is CodeCraft-2019/config/road.txt
[2019-03-16 17:24:30] INFO [main: CodeCraft-2019.py, 31] cross_path is CodeCraft-2019/config/cross.txt
[2019-03-16 17:24:30] INFO [main: CodeCraft-2019.py, 32] answer_path is CodeCraft-2019/config/answer.txt
[2019-03-16 17:24:39] INFO [main: CodeCraft-2019.py, 29] car_path is CodeCraft-2019/config/car.txt
[2019-03-16 17:24:39] INFO [main: CodeCraft-2019.py, 30] road_path is CodeCraft-2019/config/road.txt
[2019-03-16 17:24:39] INFO [main: CodeCraft-2019.py, 31] cross_path is CodeCraft-2019/config/cross.txt
[2019-03-16 17:24:39] INFO [main: CodeCraft-2019.py, 32] answer_path is CodeCraft-2019/config/answer.txt
[2019-03-16 17:30:04] INFO [main: CodeCraft-2019.py, 29] car_path is CodeCraft-2019/config/car.txt
[2019-03-16 17:30:04] INFO [main: CodeCraft-2019.py, 30] road_path is CodeCraft-2019/config/road.txt
[2019-03-16 17:30:04] INFO [main: CodeCraft-2019.py, 31] cross_path is CodeCraft-2019/config/cross.txt
[2019-03-16 17:30:04] INFO [main: CodeCraft-2019.py, 32] answer_path is CodeCraft-2019/config/answer.txt
[2019-03-16 17:30:12] INFO [main: CodeCraft-2019.py, 29] car_path is CodeCraft-2019/config/car.txt
[2019-03-16 17:30:12] INFO [main: CodeCraft-2019.py, 30] road_path is CodeCraft-2019/config/road.txt
[2019-03-16 17:30:12] INFO [main: CodeCraft-2019.py, 31] cross_path is CodeCraft-2019/config/cross.txt
[2019-03-16 17:30:12] INFO [main: CodeCraft-2019.py, 32] answer_path is CodeCraft-2019/config/answer.txt
[2019-03-16 17:30:21] INFO [main: CodeCraft-2019.py, 29] car_path is CodeCraft-2019/config/car.txt
[2019-03-16 17:30:21] INFO [main: CodeCraft-2019.py, 30] road_path is CodeCraft-2019/config/road.txt
[2019-03-16 17:30:21] INFO [main: CodeCraft-2019.py, 31] cross_path is CodeCraft-2019/config/cross.txt
[2019-03-16 17:30:21] INFO [main: CodeCraft-2019.py, 32] answer_path is CodeCraft-2019/config/answer.txt
[2019-03-16 17:30:28] INFO [main: CodeCraft-2019.py, 29] car_path is CodeCraft-2019/config/car.txt
[2019-03-16 17:30:28] INFO [main: CodeCraft-2019.py, 30] road_path is CodeCraft-2019/config/road.txt
[2019-03-16 17:30:28] INFO [main: CodeCraft-2019.py, 31] cross_path is CodeCraft-2019/config/cross.txt
[2019-03-16 17:30:28] INFO [main: CodeCraft-2019.py, 32] answer_path is CodeCraft-2019/config/answer.txt
[2019-03-16 19:22:50] INFO [main: CodeCraft-2019.py, 29] car_path is CodeCraft-2019/config/car.txt
[2019-03-16 19:22:50] INFO [main: CodeCraft-2019.py, 30] road_path is CodeCraft-2019/config/road.txt
[2019-03-16 19:22:50] INFO [main: CodeCraft-2019.py, 31] cross_path is CodeCraft-2019/config/cross.txt
[2019-03-16 19:22:50] INFO [main: CodeCraft-2019.py, 32] answer_path is CodeCraft-2019/config/answer.txt
[2019-03-16 19:47:11] INFO [main: CodeCraft-2019.py, 29] car_path is CodeCraft-2019/config/car.txt
[2019-03-16 19:47:11] INFO [main: CodeCraft-2019.py, 30] road_path is CodeCraft-2019/config/road.txt
[2019-03-16 19:47:11] INFO [main: CodeCraft-2019.py, 31] cross_path is CodeCraft-2019/config/cross.txt
[2019-03-16 19:47:11] INFO [main: CodeCraft-2019.py, 32] answer_path is CodeCraft-2019/config/answer.txt
[2019-03-22 17:18:41] INFO [main: CodeCraft-2019.py, 197] car_path is ../config/car.txt
[2019-03-22 17:18:41] INFO [main: CodeCraft-2019.py, 198] road_path is ../config/road.txt
[2019-03-22 17:18:41] INFO [main: CodeCraft-2019.py, 199] cross_path is ../config/cross.txt
[2019-03-22 17:18:41] INFO [main: CodeCraft-2019.py, 200] answer_path is ../config/answer.txt
[2019-03-22 17:26:33] INFO [main: CodeCraft-2019.py, 23] car_path is ../config/car.txt
[2019-03-22 17:26:33] INFO [main: CodeCraft-2019.py, 24] road_path is ../config/road.txt
[2019-03-22 17:26:33] INFO [main: CodeCraft-2019.py, 25] cross_path is ../config/cross.txt
[2019-03-22 17:26:33] INFO [main: CodeCraft-2019.py, 26] answer_path is ../config/answer.txt
[2019-03-22 17:27:41] INFO [main: CodeCraft-2019.py, 23] car_path is ../config/car.txt
[2019-03-22 17:27:41] INFO [main: CodeCraft-2019.py, 24] road_path is ../config/road.txt
[2019-03-22 17:27:41] INFO [main: CodeCraft-2019.py, 25] cross_path is ../config/cross.txt
[2019-03-22 17:27:41] INFO [main: CodeCraft-2019.py, 26] answer_path is ../config/answer.txt
[2019-03-22 17:30:17] INFO [main: CodeCraft-2019.py, 23] car_path is ../config/car.txt
[2019-03-22 17:30:17] INFO [main: CodeCraft-2019.py, 24] road_path is ../config/road.txt
[2019-03-22 17:30:17] INFO [main: CodeCraft-2019.py, 25] cross_path is ../config/cross.txt
[2019-03-22 17:30:17] INFO [main: CodeCraft-2019.py, 26] answer_path is ../config/answer.txt
[2019-03-22 17:31:00] INFO [main: CodeCraft-2019.py, 23] car_path is ../config/car.txt
[2019-03-22 17:31:00] INFO [main: CodeCraft-2019.py, 24] road_path is ../config/road.txt
[2019-03-22 17:31:00] INFO [main: CodeCraft-2019.py, 25] cross_path is ../config/cross.txt
[2019-03-22 17:31:00] INFO [main: CodeCraft-2019.py, 26] answer_path is ../config/answer.txt
[2019-03-22 17:35:01] INFO [main: CodeCraft-2019.py, 23] car_path is config/car.txt
[2019-03-22 17:35:01] INFO [main: CodeCraft-2019.py, 24] road_path is config/road.txt
[2019-03-22 17:35:01] INFO [main: CodeCraft-2019.py, 25] cross_path is config/cross.txt
[2019-03-22 17:35:01] INFO [main: CodeCraft-2019.py, 26] answer_path is config/answer.txt
[2019-03-22 18:57:56] INFO [main: CodeCraft-2019.py, 24] car_path is ../config/car.txt
[2019-03-22 18:57:56] INFO [main: CodeCraft-2019.py, 25] road_path is ../config/road.txt
[2019-03-22 18:57:56] INFO [main: CodeCraft-2019.py, 26] cross_path is ../config/cross.txt
[2019-03-22 18:57:56] INFO [main: CodeCraft-2019.py, 27] answer_path is ../config/answer.txt
[2019-03-22 18:59:26] INFO [main: CodeCraft-2019.py, 24] car_path is config/car.txt
[2019-03-22 18:59:26] INFO [main: CodeCraft-2019.py, 25] road_path is config/road.txt
[2019-03-22 18:59:26] INFO [main: CodeCraft-2019.py, 26] cross_path is config/cross.txt
[2019-03-22 18:59:26] INFO [main: CodeCraft-2019.py, 27] answer_path is config/answer.txt
[2019-03-22 18:59:33] INFO [main: CodeCraft-2019.py, 24] car_path is config/car.txt
[2019-03-22 18:59:33] INFO [main: CodeCraft-2019.py, 25] road_path is config/road.txt
[2019-03-22 18:59:33] INFO [main: CodeCraft-2019.py, 26] cross_path is config/cross.txt
[2019-03-22 18:59:33] INFO [main: CodeCraft-2019.py, 27] answer_path is config/answer.txt
[2019-03-22 18:59:37] INFO [main: CodeCraft-2019.py, 24] car_path is config/car.txt
[2019-03-22 18:59:37] INFO [main: CodeCraft-2019.py, 25] road_path is config/road.txt
[2019-03-22 18:59:37] INFO [main: CodeCraft-2019.py, 26] cross_path is config/cross.txt
[2019-03-22 18:59:37] INFO [main: CodeCraft-2019.py, 27] answer_path is config/answer.txt
[2019-03-22 19:03:46] INFO [main: CodeCraft-2019.py, 24] car_path is config/car.txt
[2019-03-22 19:03:46] INFO [main: CodeCraft-2019.py, 25] road_path is config/road.txt
[2019-03-22 19:03:46] INFO [main: CodeCraft-2019.py, 26] cross_path is config/cross.txt
[2019-03-22 19:03:46] INFO [main: CodeCraft-2019.py, 27] answer_path is config/answer.txt
[2019-03-22 19:11:10] INFO [main: CodeCraft-2019.py, 24] car_path is config/car.txt
[2019-03-22 19:11:10] INFO [main: CodeCraft-2019.py, 25] road_path is config/road.txt
[2019-03-22 19:11:10] INFO [main: CodeCraft-2019.py, 26] cross_path is config/cross.txt
[2019-03-22 19:11:10] INFO [main: CodeCraft-2019.py, 27] answer_path is config/answer.txt
